<?xml version="1.0" encoding="UTF-8"?>
<testng-results ignored="0" total="2" passed="2" failed="0" skipped="0">
  <reporter-output>
  </reporter-output>
  <suite started-at="2024-12-02T16:37:08 CET" name="master" finished-at="2024-12-02T16:37:59 CET" duration-ms="50629">
    <groups>
      <group name="Master">
        <method signature="TC001_AccountRegistrationTest.test_account_Registration()[pri:0, instance:testCases.TC001_AccountRegistrationTest@3da05287]" name="test_account_Registration" class="testCases.TC001_AccountRegistrationTest"/>
        <method signature="TC_002_LoginTest.test_Login()[pri:0, instance:testCases.TC_002_LoginTest@63f8276e]" name="test_Login" class="testCases.TC_002_LoginTest"/>
      </group> <!-- Master -->
      <group name="Sanity">
        <method signature="TC_002_LoginTest.test_Login()[pri:0, instance:testCases.TC_002_LoginTest@63f8276e]" name="test_Login" class="testCases.TC_002_LoginTest"/>
      </group> <!-- Sanity -->
      <group name="Regression">
        <method signature="TC001_AccountRegistrationTest.test_account_Registration()[pri:0, instance:testCases.TC001_AccountRegistrationTest@3da05287]" name="test_account_Registration" class="testCases.TC001_AccountRegistrationTest"/>
      </group> <!-- Regression -->
    </groups>
    <test started-at="2024-12-02T16:37:08 CET" name="Test" finished-at="2024-12-02T16:37:59 CET" duration-ms="50629">
      <class name="testCases.TC_002_LoginTest">
        <test-method is-config="true" signature="setup(java.lang.String,java.lang.String)[pri:0, instance:testCases.TC_002_LoginTest@63f8276e]" started-at="2024-12-02T16:37:45 CET" name="setup" finished-at="2024-12-02T16:37:55 CET" duration-ms="10573" status="PASS">
          <params>
            <param index="0">
              <value>
                <![CDATA[Windows]]>
              </value>
            </param>
            <param index="1">
              <value>
                <![CDATA[chrome]]>
              </value>
            </param>
          </params>
          <reporter-output>
          </reporter-output>
        </test-method> <!-- setup -->
        <test-method signature="test_Login()[pri:0, instance:testCases.TC_002_LoginTest@63f8276e]" started-at="2024-12-02T16:37:55 CET" name="test_Login" finished-at="2024-12-02T16:37:58 CET" duration-ms="3077" status="PASS">
          <reporter-output>
          </reporter-output>
        </test-method> <!-- test_Login -->
        <test-method is-config="true" signature="tearDown()[pri:0, instance:testCases.TC_002_LoginTest@63f8276e]" started-at="2024-12-02T16:37:58 CET" name="tearDown" finished-at="2024-12-02T16:37:59 CET" duration-ms="674" status="PASS">
          <reporter-output>
          </reporter-output>
        </test-method> <!-- tearDown -->
      </class> <!-- testCases.TC_002_LoginTest -->
      <class name="testCases.TC001_AccountRegistrationTest">
        <test-method is-config="true" signature="setup(java.lang.String,java.lang.String)[pri:0, instance:testCases.TC001_AccountRegistrationTest@3da05287]" started-at="2024-12-02T16:37:09 CET" name="setup" finished-at="2024-12-02T16:37:34 CET" duration-ms="24848" status="PASS">
          <params>
            <param index="0">
              <value>
                <![CDATA[Windows]]>
              </value>
            </param>
            <param index="1">
              <value>
                <![CDATA[chrome]]>
              </value>
            </param>
          </params>
          <reporter-output>
          </reporter-output>
        </test-method> <!-- setup -->
        <test-method signature="test_account_Registration()[pri:0, instance:testCases.TC001_AccountRegistrationTest@3da05287]" started-at="2024-12-02T16:37:34 CET" name="test_account_Registration" finished-at="2024-12-02T16:37:43 CET" duration-ms="9549" status="PASS">
          <reporter-output>
          </reporter-output>
        </test-method> <!-- test_account_Registration -->
        <test-method is-config="true" signature="tearDown()[pri:0, instance:testCases.TC001_AccountRegistrationTest@3da05287]" started-at="2024-12-02T16:37:43 CET" name="tearDown" finished-at="2024-12-02T16:37:45 CET" duration-ms="1243" status="PASS">
          <reporter-output>
          </reporter-output>
        </test-method> <!-- tearDown -->
      </class> <!-- testCases.TC001_AccountRegistrationTest -->
    </test> <!-- Test -->
  </suite> <!-- master -->
</testng-results>
