<?xml version="1.0" encoding="UTF-8"?>
<!-- Generated by org.testng.reporters.JUnitXMLReporter -->
<testsuite ignored="0" hostname="DESKTOP-DDS4O75" failures="1" tests="2" name="Test" time="39.607" errors="0" timestamp="2024-12-02T15:26:14 CET">
  <testcase classname="testCases.TC001_AccountRegistrationTest" name="test_account_Registration" time="6.062"/>
  <testcase classname="testCases.TC_002_LoginTest" name="test_Login" time="12.278">
    <failure type="java.lang.AssertionError" message="expected [true] but found [false]">
      <![CDATA[java.lang.AssertionError: expected [true] but found [false]
at testCases.TC_002_LoginTest.test_Login(TC_002_LoginTest.java:38)
at java.base/java.util.ArrayList.forEach(ArrayList.java:1597)
... Removed 32 stack frames]]>
    </failure>
  </testcase> <!-- test_Login -->
</testsuite> <!-- Test -->
